2023-07-22 13:27:46 [index.js] error: error message
2023-07-22 13:27:46 [index.js] warn: warn message
2023-07-22 13:27:46 [index.js] info: info message
2023-07-22 13:27:46 [index.js] verbose: verbose message
2023-07-22 13:27:46 [index.js] debug: debug message
2023-07-22 13:27:49 [index.js] info: ⚡️[server]: Server is running at http://localhost:3000
2023-07-22 13:27:52 [index.js] error: error message
2023-07-22 13:27:52 [index.js] warn: warn message
2023-07-22 13:27:52 [index.js] info: info message
2023-07-22 13:27:52 [index.js] verbose: verbose message
2023-07-22 13:27:52 [index.js] debug: debug message
2023-07-22 13:27:54 [index.js] info: ⚡️[server]: Server is running at http://localhost:3000
2023-07-22 13:28:09 [index.js] info: ⚡️[server]: Server is running at http://localhost:3000
2023-07-22 14:19:53 [index.js] info: ⚡️[server]: Server is running at http://localhost:3000
2023-07-22 14:23:18 [index.js] info: ⚡️[server]: Server is running at http://localhost:3000
2023-07-22 14:32:15 [index.js] info: ⚡️[server]: Server is running at http://localhost:3000
2023-07-22 15:36:54 [index.js] info: ⚡️[server]: Server is running at http://localhost:3000
2023-07-22 15:37:18 [index.js] info: ⚡️[server]: Server is running at http://localhost:3000
2023-07-22 15:37:53 [index.js] info: ⚡️[server]: Server is running at http://localhost:3000
2023-07-22 15:39:30 [index.js] info: ⚡️[server]: Server is running at http://localhost:3000
2023-07-22 15:40:27 [index.js] info: ⚡️[server]: Server is running at http://localhost:3000
2023-07-22 15:41:32 [index.js] info: ⚡️[server]: Server is running at http://localhost:3000
2023-07-22 15:42:09 [index.js] info: ⚡️[server]: Server is running at http://localhost:3000
2023-07-25 13:05:50 [index.js] info: ⚡️[server]: Server is running at http://localhost:3000
2023-07-25 13:07:04 [index.js] info: ⚡️[server]: Server is running at http://localhost:3000
2023-07-25 13:08:09 [index.js] info: ⚡️[server]: Server is running at http://localhost:3000
2023-07-25 13:10:03 [index.js] info: ⚡️[server]: Server is running at http://localhost:3000
2023-07-25 13:10:11 [index.js] info: ⚡️[server]: Server is running at http://localhost:3000
2023-07-25 13:11:27 [index.js] info: ⚡️[server]: Server is running at http://localhost:3000
2023-07-25 13:11:39 [index.js] info: ⚡️[server]: Server is running at http://localhost:3000
2023-07-25 13:18:04 [index.js] info: ⚡️[server]: Server is running at http://localhost:3000
2023-07-25 13:18:16 [index.js] info: ⚡️[server]: Server is running at http://localhost:3000
2023-07-25 13:20:22 [index.js] info: ⚡️[server]: Server is running at http://localhost:3000
2023-07-25 13:20:41 [index.js] info: ⚡️[server]: Server is running at http://localhost:3000
2023-07-25 13:21:21 [index.js] info: ⚡️[server]: Server is running at http://localhost:3000
2023-07-25 13:21:28 [index.js] info: ⚡️[server]: Server is running at http://localhost:3000
2023-07-25 13:21:53 [index.js] info: ⚡️[server]: Server is running at http://localhost:3000
2023-07-25 13:21:58 [index.js] info: ⚡️[server]: Server is running at http://localhost:3000
2023-07-25 13:22:11 [index.js] info: ⚡️[server]: Server is running at http://localhost:3000
2023-07-25 13:23:30 [index.js] info: ⚡️[server]: Server is running at http://localhost:3000
2023-07-25 13:23:47 [index.js] info: ⚡️[server]: Server is running at http://localhost:3000
2023-07-25 13:24:00 [index.js] info: ⚡️[server]: Server is running at http://localhost:3000
2023-07-25 13:24:19 [index.js] info: ⚡️[server]: Server is running at http://localhost:3000
2023-07-25 13:25:10 [index.js] info: ⚡️[server]: Server is running at http://localhost:3000
2023-07-25 13:25:27 [index.js] info: ⚡️[server]: Server is running at http://localhost:3000
2023-07-25 13:25:56 [index.js] info: ⚡️[server]: Server is running at http://localhost:3000
2023-07-25 13:30:44 [index.js] info: ⚡️[server]: Server is running at http://localhost:3000
2023-07-25 13:31:57 [index.js] info: ⚡️[server]: Server is running at http://localhost:3000
2023-07-25 13:32:45 [index.js] info: ⚡️[server]: Server is running at http://localhost:3000
2023-07-25 13:35:24 [index.js] info: ⚡️[server]: Server is running at http://localhost:3000
2023-07-25 13:35:35 [index.js] info: ⚡️[server]: Server is running at http://localhost:3000
2023-07-25 13:35:47 [index.js] info: ⚡️[server]: Server is running at http://localhost:3000
2023-07-25 13:35:55 [index.js] info: ⚡️[server]: Server is running at http://localhost:3000
2023-07-25 13:37:16 [index.js] info: ⚡️[server]: Server is running at http://localhost:3000
2023-07-25 13:37:27 [index.js] info: ⚡️[server]: Server is running at http://localhost:3000
2023-07-25 13:37:39 [index.js] info: ⚡️[server]: Server is running at http://localhost:3000
2023-07-25 13:39:23 [index.js] info: ⚡️[server]: Server is running at http://localhost:3000
2023-07-25 13:39:58 [index.js] info: ⚡️[server]: Server is running at http://localhost:3000
2023-07-25 13:40:11 [index.js] info: ⚡️[server]: Server is running at http://localhost:3000
2023-07-25 13:40:57 [index.js] info: ⚡️[server]: Server is running at http://localhost:3000
2023-07-25 13:41:57 [index.js] info: ⚡️[server]: Server is running at http://localhost:3000
2023-07-25 13:42:43 [index.js] info: ⚡️[server]: Server is running at http://localhost:3000
2023-07-25 13:43:21 [index.js] info: ⚡️[server]: Server is running at http://localhost:3000
2023-07-25 13:45:56 [index.js] info: ⚡️[server]: Server is running at http://localhost:3000
2023-07-25 13:46:08 [index.js] info: ⚡️[server]: Server is running at http://localhost:3000
2023-07-25 13:46:50 [index.js] info: ⚡️[server]: Server is running at http://localhost:3000
2023-07-25 13:48:28 [index.js] info: ⚡️[server]: Server is running at http://localhost:3000
2023-07-25 13:48:32 [index.js] info: ⚡️[server]: Server is running at http://localhost:3000
2023-07-25 13:48:37 [index.js] info: ⚡️[server]: Server is running at http://localhost:3000
2023-07-25 13:49:35 [index.js] info: ⚡️[server]: Server is running at http://localhost:3000
2023-07-25 13:50:33 [index.js] info: ⚡️[server]: Server is running at http://localhost:3000
2023-07-25 13:51:05 [index.js] info: ⚡️[server]: Server is running at http://localhost:3000
2023-07-25 13:54:21 [index.js] info: ⚡️[server]: Server is running at http://localhost:3000
2023-07-25 13:54:41 [index.js] info: ⚡️[server]: Server is running at http://localhost:3000
2023-07-25 13:55:28 [index.js] info: ⚡️[server]: Server is running at http://localhost:3000
2023-07-25 13:57:39 [index.js] info: ⚡️[server]: Server is running at http://localhost:3000
